<?xml version="1.0" encoding="UTF-8"?>
<!-- Generated by org.testng.reporters.JUnitXMLReporter -->
<testsuite ignored="0" hostname="Pranali" failures="0" tests="4" name="Default test" time="98.933" errors="0" timestamp="2024-11-10T19:11:16 IST">
  <testcase classname="pranaligondchawar.appiumtest.AddToCartTest" name="addToCartButtonVisible" time="8.49"/>
  <testcase classname="pranaligondchawar.appiumtest.AddToCartTest" name="addingToCart" time="6.278"/>
  <testcase classname="pranaligondchawar.appiumtest.AddToCartTest" name="changeQuantity" time="1.697"/>
  <testcase classname="pranaligondchawar.appiumtest.AddToCartTest" name="verifyCheckOut" time="5.046"/>
</testsuite> <!-- Default test -->
